<?xml version="1.0" encoding="UTF-8"?>
<!-- Generated by org.testng.reporters.JUnitReportReporter -->
<testsuite skipped="0" hostname="RPK-20181114SUK" name="aout_li_test.Ip" tests="1" failures="0" timestamp="23 八月 2021 03:27:04 GMT" time="0.241" errors="0">
  <testcase name="run" time="0.241" classname="aout_li_test.Ip"/>
</testsuite> <!-- aout_li_test.Ip -->
