<?xml version="1.0" encoding="UTF-8"?>
<!-- Generated by org.testng.reporters.JUnitReportReporter -->
<testsuite skipped="0" hostname="LGY" name="aout_li_case.test6" tests="1" failures="0" timestamp="21 三月 2022 02:05:35 GMT" time="0.287" errors="0">
  <testcase name="run" time="0.287" classname="aout_li_case.test6"/>
</testsuite> <!-- aout_li_case.test6 -->
