<?xml version="1.0" encoding="UTF-8"?>
<!-- Generated by org.testng.reporters.JUnitReportReporter -->
<testsuite skipped="0" hostname="RPK-20181114SUK" name="aout_li_test.test2" tests="1" failures="0" timestamp="04 八月 2021 08:09:41 GMT" time="0.168" errors="0">
  <testcase name="run" time="0.168" classname="aout_li_test.test2"/>
</testsuite> <!-- aout_li_test.test2 -->
