<?xml version="1.0" encoding="UTF-8"?>
<!-- Generated by org.testng.reporters.JUnitReportReporter -->
<testsuite skipped="0" hostname="RPK-20181114SUK" name="aout_li_test.test" tests="7" failures="0" timestamp="03 九月 2021 03:03:24 GMT" time="1.752" errors="0">
  <testcase name="run" time="0.150" classname="aout_li_test.test"/>
  <testcase name="run" time="0.048" classname="aout_li_test.test"/>
  <testcase name="run" time="0.682" classname="aout_li_test.test"/>
  <testcase name="run" time="0.040" classname="aout_li_test.test"/>
  <testcase name="run" time="0.104" classname="aout_li_test.test"/>
  <testcase name="run" time="0.365" classname="aout_li_test.test"/>
  <testcase name="run" time="0.363" classname="aout_li_test.test"/>
</testsuite> <!-- aout_li_test.test -->
