<?xml version="1.0" encoding="UTF-8"?>
<!-- Generated by org.testng.reporters.JUnitReportReporter -->
<testsuite skipped="0" hostname="RPK-20181114SUK" name="aout_li_test.test3" tests="6" failures="0" timestamp="09 八月 2021 09:47:46 GMT" time="3.177" errors="0">
  <testcase name="run" time="0.798" classname="aout_li_test.test3"/>
  <testcase name="run" time="1.906" classname="aout_li_test.test3"/>
  <testcase name="run" time="0.159" classname="aout_li_test.test3"/>
  <testcase name="run" time="0.082" classname="aout_li_test.test3"/>
  <testcase name="run" time="0.080" classname="aout_li_test.test3"/>
  <testcase name="run" time="0.152" classname="aout_li_test.test3"/>
</testsuite> <!-- aout_li_test.test3 -->
