<?xml version="1.0" encoding="UTF-8"?>
<!-- Generated by org.testng.reporters.JUnitReportReporter -->
<testsuite skipped="0" hostname="LGY" name="aout_li_case.test" tests="7" failures="0" timestamp="21 三月 2022 02:05:35 GMT" time="2.687" errors="0">
  <testcase name="run" time="0.299" classname="aout_li_case.test"/>
  <testcase name="run" time="0.160" classname="aout_li_case.test"/>
  <testcase name="run" time="0.135" classname="aout_li_case.test"/>
  <testcase name="run" time="0.301" classname="aout_li_case.test"/>
  <testcase name="run" time="0.199" classname="aout_li_case.test"/>
  <testcase name="run" time="0.288" classname="aout_li_case.test"/>
  <testcase name="run" time="1.305" classname="aout_li_case.test"/>
</testsuite> <!-- aout_li_case.test -->
