<?xml version="1.0" encoding="UTF-8"?>
<!-- Generated by org.testng.reporters.JUnitReportReporter -->
<testsuite skipped="0" hostname="RPK-20181114SUK" name="aout_li_test.test5" tests="6" failures="0" timestamp="03 九月 2021 05:46:53 GMT" time="1.189" errors="0">
  <testcase name="run" time="0.403" classname="aout_li_test.test5"/>
  <testcase name="run" time="0.111" classname="aout_li_test.test5"/>
  <testcase name="run" time="0.086" classname="aout_li_test.test5"/>
  <testcase name="run" time="0.184" classname="aout_li_test.test5"/>
  <testcase name="run" time="0.187" classname="aout_li_test.test5"/>
  <testcase name="run" time="0.218" classname="aout_li_test.test5"/>
</testsuite> <!-- aout_li_test.test5 -->
