<?xml version="1.0" encoding="UTF-8"?>
<!-- Generated by org.testng.reporters.JUnitReportReporter -->
<testsuite skipped="0" hostname="RPK-20181114SUK" name="aout_li_test.test1" tests="1" failures="0" timestamp="02 八月 2021 08:06:56 GMT" time="2.118" errors="0">
  <testcase name="test1" time="2.118" classname="aout_li_test.test1"/>
</testsuite> <!-- aout_li_test.test1 -->
