<?xml version="1.0" encoding="UTF-8"?>
<!-- Generated by org.testng.reporters.JUnitReportReporter -->
<testsuite skipped="0" hostname="RPK-20181114SUK" name="aout_li_case.Ip" tests="1" failures="0" timestamp="19 十一月 2021 02:45:19 GMT" time="0.370" errors="0">
  <testcase name="run" time="0.370" classname="aout_li_case.Ip"/>
</testsuite> <!-- aout_li_case.Ip -->
