<?xml version="1.0" encoding="UTF-8"?>
<!-- Generated by org.testng.reporters.JUnitReportReporter -->
<testsuite skipped="0" hostname="RPK-20181114SUK" name="aout_li_test.test4" tests="6" failures="0" timestamp="10 八月 2021 06:54:36 GMT" time="3.931" errors="0">
  <testcase name="run" time="0.225" classname="aout_li_test.test4"/>
  <testcase name="run" time="0.111" classname="aout_li_test.test4"/>
  <testcase name="run" time="1.934" classname="aout_li_test.test4"/>
  <testcase name="run" time="0.199" classname="aout_li_test.test4"/>
  <testcase name="run" time="1.201" classname="aout_li_test.test4"/>
  <testcase name="run" time="0.261" classname="aout_li_test.test4"/>
</testsuite> <!-- aout_li_test.test4 -->
